#! /home/sxw228/bin/vvp
:ivl_version "11.0 (devel)";
:ivl_delay_selection "TYPICAL";
:vpi_time_precision + 0;
:vpi_module "/home/sxw228/lib/ivl/system.vpi";
:vpi_module "/home/sxw228/lib/ivl/vhdl_sys.vpi";
:vpi_module "/home/sxw228/lib/ivl/vhdl_textio.vpi";
:vpi_module "/home/sxw228/lib/ivl/v2005_math.vpi";
:vpi_module "/home/sxw228/lib/ivl/va_math.vpi";
S_0x5639cfa27740 .scope module, "decoder2" "decoder2" 2 6;
 .timescale 0 0;
    .port_info 0 /OUTPUT 7 "c";
    .port_info 1 /INPUT 7 "y";
    .port_info 2 /INPUT 1 "clk";
v0x5639cf9ffcf0_0 .var "buffer", 6 0;
v0x5639cfa4f5a0_0 .var "c", 6 0;
v0x5639cfa4f680_0 .var "c_buf", 6 0;
o0x7f525b8b90a8 .functor BUFZ 1, C4<z>; HiZ drive
v0x5639cfa4f740_0 .net "clk", 0 0, o0x7f525b8b90a8;  0 drivers
v0x5639cfa4f800_0 .var "e", 0 0;
v0x5639cfa4f910_0 .var/i "i", 31 0;
v0x5639cfa4f9f0_0 .var "s0", 0 0;
v0x5639cfa4fab0_0 .var "s1", 0 0;
v0x5639cfa4fb70_0 .var "s2", 0 0;
v0x5639cfa4fc30_0 .var "temp", 0 0;
o0x7f525b8b91f8 .functor BUFZ 7, C4<zzzzzzz>; HiZ drive
v0x5639cfa4fcf0_0 .net "y", 6 0, o0x7f525b8b91f8;  0 drivers
E_0x5639cfa37240 .event posedge, v0x5639cfa4f740_0;
    .scope S_0x5639cfa27740;
T_0 ;
    %wait E_0x5639cfa37240;
    %pushi/vec4 0, 0, 1;
    %store/vec4 v0x5639cfa4f9f0_0, 0, 1;
    %pushi/vec4 0, 0, 1;
    %store/vec4 v0x5639cfa4fab0_0, 0, 1;
    %pushi/vec4 0, 0, 1;
    %store/vec4 v0x5639cfa4fb70_0, 0, 1;
    %pushi/vec4 0, 0, 1;
    %store/vec4 v0x5639cfa4fc30_0, 0, 1;
    %load/vec4 v0x5639cfa4fcf0_0;
    %store/vec4 v0x5639cf9ffcf0_0, 0, 7;
    %pushi/vec4 6, 0, 32;
    %store/vec4 v0x5639cfa4f910_0, 0, 32;
T_0.0 ;
    %load/vec4 v0x5639cfa4f910_0;
    %cmpi/s 0, 0, 32;
    %flag_inv 5; GE is !LT
    %jmp/0xz T_0.1, 5;
    %load/vec4 v0x5639cfa4f9f0_0;
    %load/vec4 v0x5639cfa4fab0_0;
    %inv;
    %and;
    %load/vec4 v0x5639cfa4fc30_0;
    %and;
    %store/vec4 v0x5639cfa4f800_0, 0, 1;
    %load/vec4 v0x5639cfa4fb70_0;
    %store/vec4 v0x5639cfa4fc30_0, 0, 1;
    %load/vec4 v0x5639cfa4fab0_0;
    %store/vec4 v0x5639cfa4fb70_0, 0, 1;
    %load/vec4 v0x5639cfa4f9f0_0;
    %load/vec4 v0x5639cfa4fc30_0;
    %xor;
    %store/vec4 v0x5639cfa4fab0_0, 0, 1;
    %load/vec4 v0x5639cfa4fcf0_0;
    %load/vec4 v0x5639cfa4f910_0;
    %part/s 1;
    %load/vec4 v0x5639cfa4fc30_0;
    %xor;
    %load/vec4 v0x5639cfa4f800_0;
    %xor;
    %store/vec4 v0x5639cfa4f9f0_0, 0, 1;
    %load/vec4 v0x5639cfa4f910_0;
    %subi 1, 0, 32;
    %store/vec4 v0x5639cfa4f910_0, 0, 32;
    %jmp T_0.0;
T_0.1 ;
    %pushi/vec4 6, 0, 32;
    %store/vec4 v0x5639cfa4f910_0, 0, 32;
T_0.2 ;
    %load/vec4 v0x5639cfa4f910_0;
    %cmpi/s 0, 0, 32;
    %flag_inv 5; GE is !LT
    %jmp/0xz T_0.3, 5;
    %load/vec4 v0x5639cfa4f9f0_0;
    %load/vec4 v0x5639cfa4fab0_0;
    %inv;
    %and;
    %load/vec4 v0x5639cfa4fc30_0;
    %and;
    %store/vec4 v0x5639cfa4f800_0, 0, 1;
    %load/vec4 v0x5639cfa4fb70_0;
    %store/vec4 v0x5639cfa4fc30_0, 0, 1;
    %load/vec4 v0x5639cfa4fab0_0;
    %store/vec4 v0x5639cfa4fb70_0, 0, 1;
    %load/vec4 v0x5639cfa4f9f0_0;
    %load/vec4 v0x5639cfa4fc30_0;
    %xor;
    %store/vec4 v0x5639cfa4fab0_0, 0, 1;
    %load/vec4 v0x5639cfa4fc30_0;
    %load/vec4 v0x5639cfa4f800_0;
    %xor;
    %store/vec4 v0x5639cfa4f9f0_0, 0, 1;
    %load/vec4 v0x5639cf9ffcf0_0;
    %load/vec4 v0x5639cfa4f910_0;
    %part/s 1;
    %load/vec4 v0x5639cfa4f800_0;
    %xor;
    %ix/getv/s 4, v0x5639cfa4f910_0;
    %store/vec4 v0x5639cfa4f680_0, 4, 1;
    %load/vec4 v0x5639cfa4f800_0;
    %pad/u 32;
    %cmpi/e 1, 0, 32;
    %jmp/0xz  T_0.4, 4;
    %pushi/vec4 0, 0, 1;
    %store/vec4 v0x5639cfa4f9f0_0, 0, 1;
    %pushi/vec4 0, 0, 1;
    %store/vec4 v0x5639cfa4fab0_0, 0, 1;
    %pushi/vec4 0, 0, 1;
    %store/vec4 v0x5639cfa4fb70_0, 0, 1;
T_0.4 ;
    %load/vec4 v0x5639cfa4f910_0;
    %subi 1, 0, 32;
    %store/vec4 v0x5639cfa4f910_0, 0, 32;
    %jmp T_0.2;
T_0.3 ;
    %jmp T_0;
    .thread T_0;
    .scope S_0x5639cfa27740;
T_1 ;
    %wait E_0x5639cfa37240;
    %pushi/vec4 0, 0, 32;
    %store/vec4 v0x5639cfa4f910_0, 0, 32;
T_1.0 ;
    %load/vec4 v0x5639cfa4f910_0;
    %cmpi/s 3, 0, 32;
    %jmp/0xz T_1.1, 5;
    %load/vec4 v0x5639cfa4f680_0;
    %load/vec4 v0x5639cfa4f910_0;
    %part/s 1;
    %ix/getv/s 4, v0x5639cfa4f910_0;
    %store/vec4 v0x5639cfa4f5a0_0, 4, 1;
    ; show_stmt_assign_vector: Get l-value for compressed += operand
    %load/vec4 v0x5639cfa4f910_0;
    %pushi/vec4 1, 0, 32;
    %add;
    %store/vec4 v0x5639cfa4f910_0, 0, 32;
    %jmp T_1.0;
T_1.1 ;
    %pushi/vec4 2, 0, 32;
    %store/vec4 v0x5639cfa4f910_0, 0, 32;
T_1.2 ;
    %load/vec4 v0x5639cfa4f910_0;
    %cmpi/s 7, 0, 32;
    %jmp/0xz T_1.3, 5;
    %load/vec4 v0x5639cfa4f680_0;
    %load/vec4 v0x5639cfa4f910_0;
    %part/s 1;
    %ix/getv/s 4, v0x5639cfa4f910_0;
    %store/vec4 v0x5639cfa4f5a0_0, 4, 1;
    ; show_stmt_assign_vector: Get l-value for compressed += operand
    %load/vec4 v0x5639cfa4f910_0;
    %pushi/vec4 1, 0, 32;
    %add;
    %store/vec4 v0x5639cfa4f910_0, 0, 32;
    %jmp T_1.2;
T_1.3 ;
    %jmp T_1;
    .thread T_1;
# The file index is used to find the file name in the following table.
:file_names 3;
    "N/A";
    "<interactive>";
    "forloop_1_error.v";
