#! /home/sxw228/bin/vvp
:ivl_version "11.0 (devel)";
:ivl_delay_selection "TYPICAL";
:vpi_time_precision + 0;
:vpi_module "/home/sxw228/lib/ivl/system.vpi";
:vpi_module "/home/sxw228/lib/ivl/vhdl_sys.vpi";
:vpi_module "/home/sxw228/lib/ivl/vhdl_textio.vpi";
:vpi_module "/home/sxw228/lib/ivl/v2005_math.vpi";
:vpi_module "/home/sxw228/lib/ivl/va_math.vpi";
S_0x55fe2e2f2d70 .scope module, "dut" "dut" 2 1;
 .timescale 0 0;
    .port_info 0 /INPUT 1 "a";
    .port_info 1 /INPUT 1 "b";
    .port_info 2 /INPUT 1 "c";
    .port_info 3 /INPUT 1 "e";
    .port_info 4 /INPUT 1 "f";
    .port_info 5 /OUTPUT 1 "q1";
    .port_info 6 /OUTPUT 1 "q2";
o0x7f76a0eb0018 .functor BUFZ 1, C4<z>; HiZ drive
v0x55fe2e2f3190_0 .net "a", 0 0, o0x7f76a0eb0018;  0 drivers
o0x7f76a0eb0048 .functor BUFZ 1, C4<z>; HiZ drive
v0x55fe2e319380_0 .net "b", 0 0, o0x7f76a0eb0048;  0 drivers
o0x7f76a0eb0078 .functor BUFZ 1, C4<z>; HiZ drive
v0x55fe2e319440_0 .net "c", 0 0, o0x7f76a0eb0078;  0 drivers
v0x55fe2e319510_0 .var "clk", 0 0;
v0x55fe2e3195d0_0 .var "d", 0 0;
o0x7f76a0eb0108 .functor BUFZ 1, C4<z>; HiZ drive
v0x55fe2e319690_0 .net "e", 0 0, o0x7f76a0eb0108;  0 drivers
o0x7f76a0eb0138 .functor BUFZ 1, C4<z>; HiZ drive
v0x55fe2e319750_0 .net "f", 0 0, o0x7f76a0eb0138;  0 drivers
v0x55fe2e319810_0 .var "q1", 0 0;
v0x55fe2e3198d0_0 .var "q2", 0 0;
E_0x55fe2e304530 .event posedge, v0x55fe2e319510_0;
E_0x55fe2e304330 .event edge, v0x55fe2e319750_0, v0x55fe2e319690_0;
E_0x55fe2e2ee9c0 .event edge, v0x55fe2e319440_0, v0x55fe2e319380_0, v0x55fe2e2f3190_0;
S_0x55fe2e2f2f00 .scope module, "test_3" "test_3" 2 23;
 .timescale 0 0;
    .port_info 0 /INPUT 1 "clk";
    .port_info 1 /INPUT 1 "rst_n";
    .port_info 2 /INPUT 4 "data";
    .port_info 3 /OUTPUT 3 "add";
v0x55fe2e319ab0_0 .var "add", 2 0;
o0x7f76a0eb0348 .functor BUFZ 1, C4<z>; HiZ drive
v0x55fe2e319bb0_0 .net "clk", 0 0, o0x7f76a0eb0348;  0 drivers
o0x7f76a0eb0378 .functor BUFZ 4, C4<zzzz>; HiZ drive
v0x55fe2e319c70_0 .net "data", 3 0, o0x7f76a0eb0378;  0 drivers
o0x7f76a0eb03a8 .functor BUFZ 1, C4<z>; HiZ drive
v0x55fe2e319d30_0 .net "rst_n", 0 0, o0x7f76a0eb03a8;  0 drivers
E_0x55fe2e2f0310 .event posedge, v0x55fe2e319bb0_0;
    .scope S_0x55fe2e2f2d70;
T_0 ;
    %wait E_0x55fe2e2ee9c0;
    %load/vec4 v0x55fe2e2f3190_0;
    %load/vec4 v0x55fe2e319380_0;
    %load/vec4 v0x55fe2e319440_0;
    %or;
    %and;
    %store/vec4 v0x55fe2e3195d0_0, 0, 1;
    %jmp T_0;
    .thread T_0, $push;
    .scope S_0x55fe2e2f2d70;
T_1 ;
    %wait E_0x55fe2e304330;
    %load/vec4 v0x55fe2e319690_0;
    %store/vec4 v0x55fe2e319810_0, 0, 1;
    %load/vec4 v0x55fe2e319750_0;
    %store/vec4 v0x55fe2e3198d0_0, 0, 1;
    %jmp T_1;
    .thread T_1, $push;
    .scope S_0x55fe2e2f2d70;
T_2 ;
    %wait E_0x55fe2e304530;
    %load/vec4 v0x55fe2e3195d0_0;
    %store/vec4 v0x55fe2e319810_0, 0, 1;
    %load/vec4 v0x55fe2e3195d0_0;
    %store/vec4 v0x55fe2e3198d0_0, 0, 1;
    %jmp T_2;
    .thread T_2;
    .scope S_0x55fe2e2f2f00;
T_3 ;
    %wait E_0x55fe2e2f0310;
    %load/vec4 v0x55fe2e319d30_0;
    %nor/r;
    %flag_set/vec4 8;
    %jmp/0xz  T_3.0, 8;
    %pushi/vec4 0, 0, 3;
    %assign/vec4 v0x55fe2e319ab0_0, 0;
    %jmp T_3.1;
T_3.0 ;
    %load/vec4 v0x55fe2e319c70_0;
    %dup/vec4;
    %pushi/vec4 3, 3, 4;
    %cmp/x;
    %jmp/1 T_3.2, 4;
    %dup/vec4;
    %pushi/vec4 7, 3, 4;
    %cmp/x;
    %jmp/1 T_3.3, 4;
    %dup/vec4;
    %pushi/vec4 11, 3, 4;
    %cmp/x;
    %jmp/1 T_3.4, 4;
    %dup/vec4;
    %pushi/vec4 15, 3, 4;
    %cmp/x;
    %jmp/1 T_3.5, 4;
    %pushi/vec4 5, 0, 3;
    %assign/vec4 v0x55fe2e319ab0_0, 0;
    %jmp T_3.7;
T_3.2 ;
    %pushi/vec4 1, 0, 3;
    %assign/vec4 v0x55fe2e319ab0_0, 0;
    %jmp T_3.7;
T_3.3 ;
    %pushi/vec4 2, 0, 3;
    %assign/vec4 v0x55fe2e319ab0_0, 0;
    %jmp T_3.7;
T_3.4 ;
    %pushi/vec4 3, 0, 3;
    %assign/vec4 v0x55fe2e319ab0_0, 0;
    %jmp T_3.7;
T_3.5 ;
    %pushi/vec4 4, 0, 3;
    %assign/vec4 v0x55fe2e319ab0_0, 0;
    %jmp T_3.7;
T_3.7 ;
    %pop/vec4 1;
T_3.1 ;
    %jmp T_3;
    .thread T_3;
# The file index is used to find the file name in the following table.
:file_names 3;
    "N/A";
    "<interactive>";
    "test.v";
