#! /home/sxw228/bin/vvp
:ivl_version "11.0 (devel)";
:ivl_delay_selection "TYPICAL";
:vpi_time_precision + 0;
:vpi_module "/home/sxw228/lib/ivl/system.vpi";
:vpi_module "/home/sxw228/lib/ivl/vhdl_sys.vpi";
:vpi_module "/home/sxw228/lib/ivl/vhdl_textio.vpi";
:vpi_module "/home/sxw228/lib/ivl/v2005_math.vpi";
:vpi_module "/home/sxw228/lib/ivl/va_math.vpi";
S_0x55f82a929a20 .scope module, "alutask" "alutask" 2 1;
 .timescale 0 0;
    .port_info 0 /INPUT 2 "code";
    .port_info 1 /INPUT 4 "a";
    .port_info 2 /INPUT 4 "b";
    .port_info 3 /OUTPUT 5 "c";
o0x7f31db5d50d8 .functor BUFZ 4, C4<zzzz>; HiZ drive
v0x55f82a927db0_0 .net "a", 3 0, o0x7f31db5d50d8;  0 drivers
o0x7f31db5d5108 .functor BUFZ 4, C4<zzzz>; HiZ drive
v0x55f82a927e80_0 .net "b", 3 0, o0x7f31db5d5108;  0 drivers
v0x55f82a9510e0_0 .var "c", 4 0;
o0x7f31db5d5168 .functor BUFZ 2, C4<zz>; HiZ drive
v0x55f82a9511a0_0 .net "code", 1 0, o0x7f31db5d5168;  0 drivers
v0x55f82a951280_0 .var/i "i", 31 0;
v0x55f82a9513b0_0 .var/i "j", 31 0;
v0x55f82a951490_0 .var/i "k", 31 0;
E_0x55f82a939720 .event edge, v0x55f82a927e80_0, v0x55f82a927db0_0, v0x55f82a9511a0_0;
S_0x55f82a929bd0 .scope task, "my_and" "my_and" 2 8, 2 8 0, S_0x55f82a929a20;
 .timescale 0 0;
v0x55f82a901cf0_0 .var "a", 3 0;
v0x55f82a901a70_0 .var "b", 3 0;
v0x55f82a9271a0_0 .var/i "i", 31 0;
v0x55f82a927ce0_0 .var "out", 4 0;
TD_alutask.my_and ;
    %pushi/vec4 3, 0, 32;
    %store/vec4 v0x55f82a9271a0_0, 0, 32;
T_0.0 ;
    %load/vec4 v0x55f82a9271a0_0;
    %cmpi/s 0, 0, 32;
    %flag_inv 5; GE is !LT
    %jmp/0xz T_0.1, 5;
    %load/vec4 v0x55f82a901cf0_0;
    %load/vec4 v0x55f82a9271a0_0;
    %part/s 1;
    %load/vec4 v0x55f82a901a70_0;
    %load/vec4 v0x55f82a9271a0_0;
    %part/s 1;
    %and;
    %ix/getv/s 4, v0x55f82a9271a0_0;
    %store/vec4 v0x55f82a927ce0_0, 4, 1;
    %load/vec4 v0x55f82a9271a0_0;
    %subi 1, 0, 32;
    %store/vec4 v0x55f82a9271a0_0, 0, 32;
    %jmp T_0.0;
T_0.1 ;
    %end;
    .scope S_0x55f82a929a20;
T_1 ;
    %wait E_0x55f82a939720;
    %load/vec4 v0x55f82a9511a0_0;
    %dup/vec4;
    %pushi/vec4 0, 0, 2;
    %cmp/u;
    %jmp/1 T_1.0, 6;
    %dup/vec4;
    %pushi/vec4 1, 0, 2;
    %cmp/u;
    %jmp/1 T_1.1, 6;
    %dup/vec4;
    %pushi/vec4 2, 0, 2;
    %cmp/u;
    %jmp/1 T_1.2, 6;
    %dup/vec4;
    %pushi/vec4 3, 0, 2;
    %cmp/u;
    %jmp/1 T_1.3, 6;
    %jmp T_1.4;
T_1.0 ;
    %load/vec4 v0x55f82a927db0_0;
    %store/vec4 v0x55f82a901cf0_0, 0, 4;
    %load/vec4 v0x55f82a927e80_0;
    %store/vec4 v0x55f82a901a70_0, 0, 4;
    %fork TD_alutask.my_and, S_0x55f82a929bd0;
    %join;
    %load/vec4 v0x55f82a927ce0_0;
    %store/vec4 v0x55f82a9510e0_0, 0, 5;
    %jmp T_1.4;
T_1.1 ;
    %load/vec4 v0x55f82a927db0_0;
    %pad/u 5;
    %load/vec4 v0x55f82a927e80_0;
    %pad/u 5;
    %or;
    %store/vec4 v0x55f82a9510e0_0, 0, 5;
    %jmp T_1.4;
T_1.2 ;
    %load/vec4 v0x55f82a927db0_0;
    %pad/u 5;
    %load/vec4 v0x55f82a927e80_0;
    %pad/u 5;
    %sub;
    %store/vec4 v0x55f82a9510e0_0, 0, 5;
    %jmp T_1.4;
T_1.3 ;
    %load/vec4 v0x55f82a927db0_0;
    %pad/u 5;
    %load/vec4 v0x55f82a927e80_0;
    %pad/u 5;
    %add;
    %store/vec4 v0x55f82a9510e0_0, 0, 5;
    %jmp T_1.4;
T_1.4 ;
    %pop/vec4 1;
    %jmp T_1;
    .thread T_1, $push;
    .scope S_0x55f82a929a20;
T_2 ;
    %wait E_0x55f82a939720;
    %pushi/vec4 0, 0, 32;
    %store/vec4 v0x55f82a951280_0, 0, 32;
T_2.0 ;
    %load/vec4 v0x55f82a951280_0;
    %cmpi/s 3, 0, 32;
    %jmp/0xz T_2.1, 5;
    %load/vec4 v0x55f82a927db0_0;
    %pad/u 5;
    %load/vec4 v0x55f82a927e80_0;
    %pad/u 5;
    %or;
    %store/vec4 v0x55f82a9510e0_0, 0, 5;
    %load/vec4 v0x55f82a951280_0;
    %addi 1, 0, 32;
    %store/vec4 v0x55f82a951280_0, 0, 32;
    %jmp T_2.0;
T_2.1 ;
    %jmp T_2;
    .thread T_2, $push;
    .scope S_0x55f82a929a20;
T_3 ;
    %wait E_0x55f82a939720;
    %pushi/vec4 0, 0, 32;
    %store/vec4 v0x55f82a9513b0_0, 0, 32;
T_3.0 ;
    %load/vec4 v0x55f82a9513b0_0;
    %cmpi/s 3, 0, 32;
    %jmp/0xz T_3.1, 5;
    %pushi/vec4 0, 0, 32;
    %store/vec4 v0x55f82a951490_0, 0, 32;
T_3.2 ;
    %load/vec4 v0x55f82a951490_0;
    %cmpi/s 3, 0, 32;
    %jmp/0xz T_3.3, 5;
    %load/vec4 v0x55f82a927db0_0;
    %pad/u 5;
    %load/vec4 v0x55f82a927e80_0;
    %pad/u 5;
    %and;
    %store/vec4 v0x55f82a9510e0_0, 0, 5;
    %load/vec4 v0x55f82a951490_0;
    %addi 1, 0, 32;
    %store/vec4 v0x55f82a951490_0, 0, 32;
    %jmp T_3.2;
T_3.3 ;
    %load/vec4 v0x55f82a9513b0_0;
    %addi 1, 0, 32;
    %store/vec4 v0x55f82a9513b0_0, 0, 32;
    %jmp T_3.0;
T_3.1 ;
    %jmp T_3;
    .thread T_3, $push;
# The file index is used to find the file name in the following table.
:file_names 3;
    "N/A";
    "<interactive>";
    "2_for_loop.v";
